Using pre-set license
Built from '2020.3/staging' branch; Version is '2020.3.20f1 (41c4e627c95f) revision 4310246'; Using compiler version '192528614'; Build Type 'Release'
OS: 'Windows 10 Home Single Language; OS build 19044.1586; Version 2009; 64bit' Language: 'en' Physical Memory: 6021 MB
BatchMode: 1, IsHumanControllingUs: 0, StartBugReporterOnCrash: 0, Is64bit: 1, IsPro: 0

COMMAND LINE ARGUMENTS:
C:\Program Files\Unity\Hub\Editor\2020.3.20f1\Editor\Unity.exe
-adb2
-batchMode
-noUpm
-name
AssetImportWorker0
-projectPath
C:/Users/shrikrishna/Documents/10 jan tak ka unity bckup/Train Brain 3.0
-logFile
Logs/AssetImportWorker0.log
-srvPort
49997
Successfully changed project path to: C:/Users/shrikrishna/Documents/10 jan tak ka unity bckup/Train Brain 3.0
C:/Users/shrikrishna/Documents/10 jan tak ka unity bckup/Train Brain 3.0
Using Asset Import Pipeline V2.
Refreshing native plugins compatible for Editor in 146.22 ms, found 3 plugins.
Preloading 0 native plugins for Editor in 0.00 ms.
Initialize engine version: 2020.3.20f1 (41c4e627c95f)
[Subsystems] Discovering subsystems at path C:/Program Files/Unity/Hub/Editor/2020.3.20f1/Editor/Data/Resources/UnitySubsystems
[Subsystems] Discovering subsystems at path C:/Users/shrikrishna/Documents/10 jan tak ka unity bckup/Train Brain 3.0/Assets
GfxDevice: creating device client; threaded=0
Direct3D:
    Version:  Direct3D 11.0 [level 11.1]
    Renderer: NVIDIA GeForce GTX 1650 (ID=0x1f91)
    Vendor:   
    VRAM:     3962 MB
    Driver:   30.0.14.7247
Initialize mono
Mono path[0] = 'C:/Program Files/Unity/Hub/Editor/2020.3.20f1/Editor/Data/Managed'
Mono path[1] = 'C:/Program Files/Unity/Hub/Editor/2020.3.20f1/Editor/Data/MonoBleedingEdge/lib/mono/unityjit'
Mono config path = 'C:/Program Files/Unity/Hub/Editor/2020.3.20f1/Editor/Data/MonoBleedingEdge/etc'
Using monoOptions --debugger-agent=transport=dt_socket,embedding=1,server=y,suspend=n,address=127.0.0.1:56976
Begin MonoManager ReloadAssembly
Registering precompiled unity dll's ...
Register platform support module: C:/Program Files/Unity/Hub/Editor/2020.3.20f1/Editor/Data/PlaybackEngines/WindowsStandaloneSupport/UnityEditor.WindowsStandalone.Extensions.dll
Registered in 0.010316 seconds.
Native extension for WindowsStandalone target not found
Refreshing native plugins compatible for Editor in 101.02 ms, found 3 plugins.
Preloading 0 native plugins for Editor in 0.00 ms.
Mono: successfully reloaded assembly
- Completed reload, in  7.153 seconds
Domain Reload Profiling:
	ReloadAssembly (7154ms)
		BeginReloadAssembly (180ms)
			ExecutionOrderSort (0ms)
			DisableScriptedObjects (0ms)
			BackupInstance (0ms)
			ReleaseScriptingObjects (0ms)
			CreateAndSetChildDomain (2ms)
		EndReloadAssembly (1276ms)
			LoadAssemblies (173ms)
			RebuildTransferFunctionScriptingTraits (0ms)
			SetupTypeCache (352ms)
			ReleaseScriptCaches (0ms)
			RebuildScriptCaches (91ms)
			SetupLoadedEditorAssemblies (516ms)
				LogAssemblyErrors (0ms)
				InitializePlatformSupportModulesInManaged (10ms)
				SetLoadedEditorAssemblies (0ms)
				RefreshPlugins (101ms)
				BeforeProcessingInitializeOnLoad (42ms)
				ProcessInitializeOnLoadAttributes (267ms)
				ProcessInitializeOnLoadMethodAttributes (94ms)
				AfterProcessingInitializeOnLoad (0ms)
				EditorAssembliesLoaded (1ms)
			ExecutionOrderSort2 (0ms)
			AwakeInstancesAfterBackupRestoration (0ms)
Platform modules already initialized, skipping
Registering precompiled user dll's ...
Registered in 0.016547 seconds.
Begin MonoManager ReloadAssembly
Native extension for WindowsStandalone target not found
Refreshing native plugins compatible for Editor in 130.67 ms, found 3 plugins.
Preloading 0 native plugins for Editor in 0.00 ms.
Mono: successfully reloaded assembly
- Completed reload, in  3.125 seconds
Domain Reload Profiling:
	ReloadAssembly (3128ms)
		BeginReloadAssembly (364ms)
			ExecutionOrderSort (0ms)
			DisableScriptedObjects (10ms)
			BackupInstance (0ms)
			ReleaseScriptingObjects (0ms)
			CreateAndSetChildDomain (44ms)
		EndReloadAssembly (2555ms)
			LoadAssemblies (272ms)
			RebuildTransferFunctionScriptingTraits (0ms)
			SetupTypeCache (612ms)
			ReleaseScriptCaches (1ms)
			RebuildScriptCaches (123ms)
			SetupLoadedEditorAssemblies (1202ms)
				LogAssemblyErrors (0ms)
				InitializePlatformSupportModulesInManaged (14ms)
				SetLoadedEditorAssemblies (1ms)
				RefreshPlugins (131ms)
				BeforeProcessingInitializeOnLoad (240ms)
				ProcessInitializeOnLoadAttributes (742ms)
				ProcessInitializeOnLoadMethodAttributes (40ms)
				AfterProcessingInitializeOnLoad (34ms)
				EditorAssembliesLoaded (0ms)
			ExecutionOrderSort2 (0ms)
			AwakeInstancesAfterBackupRestoration (15ms)
Platform modules already initialized, skipping
========================================================================
Worker process is ready to serve import requests
Launched and connected shader compiler UnityShaderCompiler.exe after 0.16 seconds
Refreshing native plugins compatible for Editor in 1.01 ms, found 3 plugins.
Preloading 0 native plugins for Editor in 0.00 ms.
Unloading 2111 Unused Serialized files (Serialized files now loaded: 0)
System memory in use before: 94.0 MB.
System memory in use after: 94.1 MB.

Unloading 26 unused Assets to reduce memory usage. Loaded Objects now: 2554.
Total: 8.907800 ms (FindLiveObjects: 0.674200 ms CreateObjectMapping: 0.102600 ms MarkObjects: 7.918300 ms  DeleteObjects: 0.208900 ms)

AssetImportParameters requested are different than current active one (requested -> active):
  custom:framework-win-MediaFoundation: 216162199b28c13a410421893ffa2e32 -> 
  custom:video-decoder-ogg-theora: a1e56fd34408186e4bbccfd4996cb3dc -> 
  custom:container-muxer-webm: aa71ff27fc2769a1b78a27578f13a17b -> 
  custom:container-demuxer-webm: 4f35f7cbe854078d1ac9338744f61a02 -> 
  custom:container-demuxer-ogg: 62fdf1f143b41e24485cea50d1cbac27 -> 
  custom:video-encoder-webm-vp8: eb34c28f22e8b96e1ab97ce403110664 -> 
  custom:video-codec-MediaFoundation-h265: 746d11721c4dcdbdad8f713fa42b33f4 -> 
  custom:video-decoder-webm-vp8: 9c59270c3fd7afecdb556c50c9e8de78 -> 
  custom:audio-decoder-ogg-vorbis: bf7c407c2cedff20999df2af8eb42d56 -> 
  custom:audio-encoder-webm-vorbis: bf7c407c2cedff20999df2af8eb42d56 -> 
========================================================================
Received Import Request.
  path: Assets/Scenes/original.unity
  artifactKey: Guid(f4bd807de38e29641ab71ca7c5767267) Importer(815301076,1909f56bfc062723c751e8b465ee728b)
Start importing Assets/Scenes/original.unity using Guid(f4bd807de38e29641ab71ca7c5767267) Importer(815301076,1909f56bfc062723c751e8b465ee728b)  -> (artifact id: '896813b5a0d4b3052e10c7a50ba6e751') in 0.082639 seconds 
  Import took 0.091983 seconds .

========================================================================
Received Import Request.
  Time since last request: 16.595299 seconds.
  path: Assets/original
  artifactKey: Guid(81f5ca8d605bd95458d96c0ac3ca8b50) Importer(815301076,1909f56bfc062723c751e8b465ee728b)
Start importing Assets/original using Guid(81f5ca8d605bd95458d96c0ac3ca8b50) Importer(815301076,1909f56bfc062723c751e8b465ee728b)  -> (artifact id: '63078ed6ad541b81510d841a11f67ed1') in 0.020771 seconds 
  Import took 0.029586 seconds .

========================================================================
Received Import Request.
  Time since last request: 249.470389 seconds.
  path: Assets/original/PR_Board.prefab
  artifactKey: Guid(abb19f6260e6e724d98825fba60f3ef8) Importer(815301076,1909f56bfc062723c751e8b465ee728b)
Start importing Assets/original/PR_Board.prefab using Guid(abb19f6260e6e724d98825fba60f3ef8) Importer(815301076,1909f56bfc062723c751e8b465ee728b)  -> (artifact id: '67276014a8c13db7f1f705cfd5133fe7') in 0.134408 seconds 
  Import took 0.144777 seconds .

========================================================================
Received Import Request.
  Time since last request: 0.000645 seconds.
  path: Assets/original/PR_PieceManager.prefab
  artifactKey: Guid(7da857ffb5371c840b6e4ead29839ac3) Importer(815301076,1909f56bfc062723c751e8b465ee728b)
Start importing Assets/original/PR_PieceManager.prefab using Guid(7da857ffb5371c840b6e4ead29839ac3) Importer(815301076,1909f56bfc062723c751e8b465ee728b)  -> (artifact id: '77f87e4e1b98605191e49daaa18a4ed6') in 0.124076 seconds 
  Import took 0.132885 seconds .

========================================================================
Received Import Request.
  Time since last request: 0.000703 seconds.
  path: Assets/original/PR_Cell.prefab
  artifactKey: Guid(7358eee8938851e448334fffce9e91e3) Importer(815301076,1909f56bfc062723c751e8b465ee728b)
Start importing Assets/original/PR_Cell.prefab using Guid(7358eee8938851e448334fffce9e91e3) Importer(815301076,1909f56bfc062723c751e8b465ee728b)  -> (artifact id: 'da4d471387f5daad659401c7aa35330c') in 0.031389 seconds 
  Import took 0.040774 seconds .

========================================================================
Received Import Request.
  Time since last request: 0.000588 seconds.
  path: Assets/original/PR_Piece.prefab
  artifactKey: Guid(afb180105acb1eb4d916253deef54ab4) Importer(815301076,1909f56bfc062723c751e8b465ee728b)
Start importing Assets/original/PR_Piece.prefab using Guid(afb180105acb1eb4d916253deef54ab4) Importer(815301076,1909f56bfc062723c751e8b465ee728b)  -> (artifact id: '969055935d17a00b2778c8a4ede830a0') in 0.028851 seconds 
  Import took 0.040079 seconds .

========================================================================
Received Import Request.
  Time since last request: 0.000598 seconds.
  path: Assets/original/PR_GameManger2.prefab
  artifactKey: Guid(74ad7e9dcb39bd5459b7732e00128e84) Importer(815301076,1909f56bfc062723c751e8b465ee728b)
Start importing Assets/original/PR_GameManger2.prefab using Guid(74ad7e9dcb39bd5459b7732e00128e84) Importer(815301076,1909f56bfc062723c751e8b465ee728b)  -> (artifact id: 'b48cfedb6e9df436562b9d4b6f3d7365') in 0.173415 seconds 
  Import took 0.184100 seconds .

========================================================================
Received Import Request.
  Time since last request: 69.509688 seconds.
  path: Assets/original/PR_GameManger2.prefab
  artifactKey: Guid(74ad7e9dcb39bd5459b7732e00128e84) Importer(815301076,1909f56bfc062723c751e8b465ee728b)
Start importing Assets/original/PR_GameManger2.prefab using Guid(74ad7e9dcb39bd5459b7732e00128e84) Importer(815301076,1909f56bfc062723c751e8b465ee728b)  -> (artifact id: 'f169b23ad69e64173acdcc5bdcf7c676') in 0.024702 seconds 
  Import took 0.036438 seconds .

========================================================================
Received Import Request.
  Time since last request: 6.697465 seconds.
  path: Assets/original/PR_GameManger2.prefab
  artifactKey: Guid(74ad7e9dcb39bd5459b7732e00128e84) Importer(815301076,1909f56bfc062723c751e8b465ee728b)
Start importing Assets/original/PR_GameManger2.prefab using Guid(74ad7e9dcb39bd5459b7732e00128e84) Importer(815301076,1909f56bfc062723c751e8b465ee728b)  -> (artifact id: '02d6054bdc5a11e4d96bf58064ea9e36') in 0.015407 seconds 
  Import took 0.024474 seconds .

========================================================================
Received Import Request.
  Time since last request: 46.682097 seconds.
  path: Assets/original/PR_PieceManager.prefab
  artifactKey: Guid(7da857ffb5371c840b6e4ead29839ac3) Importer(815301076,1909f56bfc062723c751e8b465ee728b)
Start importing Assets/original/PR_PieceManager.prefab using Guid(7da857ffb5371c840b6e4ead29839ac3) Importer(815301076,1909f56bfc062723c751e8b465ee728b)  -> (artifact id: '758d0256300bcbf647f0ed7206c4ec9f') in 0.019471 seconds 
  Import took 0.031116 seconds .

========================================================================
Received Import Request.
  Time since last request: 88.051179 seconds.
  path: Assets/original/PR_PieceManager.prefab
  artifactKey: Guid(7da857ffb5371c840b6e4ead29839ac3) Importer(815301076,1909f56bfc062723c751e8b465ee728b)
Start importing Assets/original/PR_PieceManager.prefab using Guid(7da857ffb5371c840b6e4ead29839ac3) Importer(815301076,1909f56bfc062723c751e8b465ee728b)  -> (artifact id: 'ab17b54a4e93df9fb15d225cafdabfa0') in 0.031401 seconds 
  Import took 0.043263 seconds .

========================================================================
Received Prepare
Registering precompiled user dll's ...
Registered in 0.011039 seconds.
Begin MonoManager ReloadAssembly
Native extension for WindowsStandalone target not found
Refreshing native plugins compatible for Editor in 1.33 ms, found 3 plugins.
Preloading 0 native plugins for Editor in 0.00 ms.
Mono: successfully reloaded assembly
- Completed reload, in  2.560 seconds
Domain Reload Profiling:
	ReloadAssembly (2561ms)
		BeginReloadAssembly (358ms)
			ExecutionOrderSort (0ms)
			DisableScriptedObjects (21ms)
			BackupInstance (0ms)
			ReleaseScriptingObjects (0ms)
			CreateAndSetChildDomain (98ms)
		EndReloadAssembly (1959ms)
			LoadAssemblies (327ms)
			RebuildTransferFunctionScriptingTraits (0ms)
			SetupTypeCache (634ms)
			ReleaseScriptCaches (2ms)
			RebuildScriptCaches (87ms)
			SetupLoadedEditorAssemblies (690ms)
				LogAssemblyErrors (0ms)
				InitializePlatformSupportModulesInManaged (10ms)
				SetLoadedEditorAssemblies (1ms)
				RefreshPlugins (2ms)
				BeforeProcessingInitializeOnLoad (208ms)
				ProcessInitializeOnLoadAttributes (415ms)
				ProcessInitializeOnLoadMethodAttributes (18ms)
				AfterProcessingInitializeOnLoad (36ms)
				EditorAssembliesLoaded (1ms)
			ExecutionOrderSort2 (0ms)
			AwakeInstancesAfterBackupRestoration (31ms)
Platform modules already initialized, skipping
Switching build target platform(19) subTarget(0) extendedPlatform(0) -> platform(13) subTarget(537395200) extendedPlatform(0)
Refreshing native plugins compatible for Editor in 1.14 ms, found 3 plugins.
Preloading 0 native plugins for Editor in 0.00 ms.
Unloading 2105 Unused Serialized files (Serialized files now loaded: 0)
System memory in use before: 93.4 MB.
System memory in use after: 93.6 MB.

Unloading 14 unused Assets to reduce memory usage. Loaded Objects now: 2558.
Total: 8.793500 ms (FindLiveObjects: 0.467400 ms CreateObjectMapping: 0.130600 ms MarkObjects: 8.146800 ms  DeleteObjects: 0.045000 ms)

AssetImportParameters requested are different than current active one (requested -> active):
  custom:framework-win-MediaFoundation: 216162199b28c13a410421893ffa2e32 -> 
  custom:video-decoder-ogg-theora: a1e56fd34408186e4bbccfd4996cb3dc -> 
  custom:container-muxer-webm: aa71ff27fc2769a1b78a27578f13a17b -> 
  custom:container-demuxer-webm: 4f35f7cbe854078d1ac9338744f61a02 -> 
  custom:container-demuxer-ogg: 62fdf1f143b41e24485cea50d1cbac27 -> 
  custom:video-encoder-webm-vp8: eb34c28f22e8b96e1ab97ce403110664 -> 
  custom:video-codec-MediaFoundation-h265: 746d11721c4dcdbdad8f713fa42b33f4 -> 
  custom:video-decoder-webm-vp8: 9c59270c3fd7afecdb556c50c9e8de78 -> 
  custom:graphics/normal-map-encoding: 01000000000000000000000000000000 -> 02000000000000000000000000000000
  custom:audio-decoder-ogg-vorbis: bf7c407c2cedff20999df2af8eb42d56 -> 
  custom:audio-encoder-webm-vorbis: bf7c407c2cedff20999df2af8eb42d56 -> 
========================================================================
Received Import Request.
  Time since last request: 109.027945 seconds.
  path: Assets/piece_manager.cs
  artifactKey: Guid(366038a6cd4f6534daa25b72ead9900b) Importer(815301076,1909f56bfc062723c751e8b465ee728b)
Start importing Assets/piece_manager.cs using Guid(366038a6cd4f6534daa25b72ead9900b) Importer(815301076,1909f56bfc062723c751e8b465ee728b)  -> (artifact id: 'db8777f49b7ba823fa031aaf63b92275') in 0.086409 seconds 
  Import took 0.135816 seconds .

========================================================================
Received Import Request.
  Time since last request: 78.748361 seconds.
  path: Assets/piece_manager.cs
  artifactKey: Guid(366038a6cd4f6534daa25b72ead9900b) Importer(815301076,1909f56bfc062723c751e8b465ee728b)
Start importing Assets/piece_manager.cs using Guid(366038a6cd4f6534daa25b72ead9900b) Importer(815301076,1909f56bfc062723c751e8b465ee728b)  -> (artifact id: 'c67f766e5b31236b665e045c2e420273') in 0.014846 seconds 
  Import took 0.076436 seconds .

========================================================================
Received Import Request.
  Time since last request: 11.803207 seconds.
  path: Assets/original/PR_PieceManager.prefab
  artifactKey: Guid(7da857ffb5371c840b6e4ead29839ac3) Importer(815301076,1909f56bfc062723c751e8b465ee728b)
Start importing Assets/original/PR_PieceManager.prefab using Guid(7da857ffb5371c840b6e4ead29839ac3) Importer(815301076,1909f56bfc062723c751e8b465ee728b)  -> (artifact id: '7510d1112a91b7642c31cd29a809a480') in 0.078129 seconds 
  Import took 0.291262 seconds .

========================================================================
Received Prepare
Registering precompiled user dll's ...
Registered in 0.011561 seconds.
Begin MonoManager ReloadAssembly
Native extension for WindowsStandalone target not found
Refreshing native plugins compatible for Editor in 1.16 ms, found 3 plugins.
Preloading 0 native plugins for Editor in 0.00 ms.
Mono: successfully reloaded assembly
- Completed reload, in  2.946 seconds
Domain Reload Profiling:
	ReloadAssembly (2948ms)
		BeginReloadAssembly (357ms)
			ExecutionOrderSort (0ms)
			DisableScriptedObjects (22ms)
			BackupInstance (0ms)
			ReleaseScriptingObjects (0ms)
			CreateAndSetChildDomain (113ms)
		EndReloadAssembly (2401ms)
			LoadAssemblies (300ms)
			RebuildTransferFunctionScriptingTraits (0ms)
			SetupTypeCache (693ms)
			ReleaseScriptCaches (2ms)
			RebuildScriptCaches (88ms)
			SetupLoadedEditorAssemblies (730ms)
				LogAssemblyErrors (0ms)
				InitializePlatformSupportModulesInManaged (12ms)
				SetLoadedEditorAssemblies (1ms)
				RefreshPlugins (1ms)
				BeforeProcessingInitializeOnLoad (219ms)
				ProcessInitializeOnLoadAttributes (451ms)
				ProcessInitializeOnLoadMethodAttributes (14ms)
				AfterProcessingInitializeOnLoad (31ms)
				EditorAssembliesLoaded (0ms)
			ExecutionOrderSort2 (0ms)
			AwakeInstancesAfterBackupRestoration (26ms)
Platform modules already initialized, skipping
Switching build target platform(19) subTarget(0) extendedPlatform(0) -> platform(13) subTarget(537395200) extendedPlatform(0)
Refreshing native plugins compatible for Editor in 1.15 ms, found 3 plugins.
Preloading 0 native plugins for Editor in 0.00 ms.
Unloading 2104 Unused Serialized files (Serialized files now loaded: 0)
System memory in use before: 93.5 MB.
System memory in use after: 93.6 MB.

Unloading 15 unused Assets to reduce memory usage. Loaded Objects now: 2560.
Total: 9.879800 ms (FindLiveObjects: 0.458900 ms CreateObjectMapping: 0.130700 ms MarkObjects: 9.212500 ms  DeleteObjects: 0.073100 ms)

AssetImportParameters requested are different than current active one (requested -> active):
  custom:framework-win-MediaFoundation: 216162199b28c13a410421893ffa2e32 -> 
  custom:video-decoder-ogg-theora: a1e56fd34408186e4bbccfd4996cb3dc -> 
  custom:container-muxer-webm: aa71ff27fc2769a1b78a27578f13a17b -> 
  custom:container-demuxer-webm: 4f35f7cbe854078d1ac9338744f61a02 -> 
  custom:container-demuxer-ogg: 62fdf1f143b41e24485cea50d1cbac27 -> 
  custom:video-encoder-webm-vp8: eb34c28f22e8b96e1ab97ce403110664 -> 
  custom:video-codec-MediaFoundation-h265: 746d11721c4dcdbdad8f713fa42b33f4 -> 
  custom:video-decoder-webm-vp8: 9c59270c3fd7afecdb556c50c9e8de78 -> 
  custom:graphics/normal-map-encoding: 01000000000000000000000000000000 -> 02000000000000000000000000000000
  custom:audio-decoder-ogg-vorbis: bf7c407c2cedff20999df2af8eb42d56 -> 
  custom:audio-encoder-webm-vorbis: bf7c407c2cedff20999df2af8eb42d56 -> 
========================================================================
Received Import Request.
  Time since last request: 958.188997 seconds.
  path: Assets/scripts/Bishop.cs
  artifactKey: Guid(b52ad8de8e47a164fb1fbd359b7f970d) Importer(815301076,1909f56bfc062723c751e8b465ee728b)
Start importing Assets/scripts/Bishop.cs using Guid(b52ad8de8e47a164fb1fbd359b7f970d) Importer(815301076,1909f56bfc062723c751e8b465ee728b)  -> (artifact id: '639bb8c3e7e45486a555813fe6093432') in 0.859647 seconds 
  Import took 1.095189 seconds .

AssetImportWorkerClient::OnTransportError - code=2 error=End of file
